<?xml version="1.0" encoding="UTF-8"?>
<!-- Generated by org.testng.reporters.JUnitReportReporter -->
<testsuite hostname="DESKTOP-E83PQSV" failures="0" tests="1" name="TestNg.GoogleSearch" time="0.243" errors="0" timestamp="2024-11-12T13:21:38 IST" skipped="0">
  <testcase classname="TestNg.GoogleSearch" name="paraMtr" time="0.243"/>
  <system-out/>
</testsuite> <!-- TestNg.GoogleSearch -->
