<?xml version="1.0" encoding="UTF-8"?>
<!-- Generated by org.testng.reporters.JUnitReportReporter -->
<testsuite hostname="DESKTOP-E83PQSV" failures="0" tests="1" name="TestNg.WindowHandlePgm" time="1.082" errors="0" timestamp="2024-11-28T02:33:08 IST" skipped="0">
  <testcase classname="TestNg.WindowHandlePgm" name="windowHandle" time="1.082"/>
  <system-out/>
</testsuite> <!-- TestNg.WindowHandlePgm -->
