<?xml version="1.0" encoding="UTF-8"?>
<!-- Generated by org.testng.reporters.JUnitReportReporter -->
<testsuite hostname="DESKTOP-E83PQSV" failures="0" tests="1" name="TestNg.FileUploadPgm" time="8.595" errors="0" timestamp="2024-11-16T12:40:32 IST" skipped="0">
  <testcase classname="TestNg.FileUploadPgm" name="fileUp" time="8.595"/>
  <system-out/>
</testsuite> <!-- TestNg.FileUploadPgm -->
