<?xml version="1.0" encoding="UTF-8"?>
<!-- Generated by org.testng.reporters.JUnitReportReporter -->
<testsuite hostname="DESKTOP-E83PQSV" failures="0" tests="3" name="TestNg.CBTbooksSearch" time="14.825" errors="0" timestamp="2024-11-13T15:22:01 IST" skipped="0">
  <testcase classname="TestNg.CBTbooksSearch" name="paraMtr" time="5.135"/>
  <system-out/>
  <testcase classname="TestNg.CBTbooksSearch" name="paraMtr" time="2.241"/>
  <system-out/>
  <testcase classname="TestNg.CBTbooksSearch" name="paraMtr" time="7.449"/>
  <system-out/>
</testsuite> <!-- TestNg.CBTbooksSearch -->
