<?xml version="1.0" encoding="UTF-8"?>
<!-- Generated by org.testng.reporters.JUnitReportReporter -->
<testsuite hostname="DESKTOP-E83PQSV" failures="0" tests="1" name="TestNg.TrivagoDatePicker" time="1.514" errors="0" timestamp="2024-11-16T21:05:39 IST" skipped="0">
  <testcase classname="TestNg.TrivagoDatePicker" name="datePicking" time="1.514"/>
  <system-out/>
</testsuite> <!-- TestNg.TrivagoDatePicker -->
