<?xml version="1.0" encoding="UTF-8"?>
<!-- Generated by org.testng.reporters.JUnitReportReporter -->
<testsuite hostname="DESKTOP-E83PQSV" failures="0" tests="1" name="POMTest_Package.FbLoginTest" time="0.387" errors="0" timestamp="2024-11-20T14:00:36 IST" skipped="0">
  <testcase classname="POMTest_Package.FbLoginTest" name="testLogin" time="0.387"/>
  <system-out/>
</testsuite> <!-- POMTest_Package.FbLoginTest -->
