<?xml version="1.0" encoding="UTF-8"?>
<!-- Generated by org.testng.reporters.JUnitReportReporter -->
<testsuite hostname="DESKTOP-E83PQSV" failures="0" tests="1" name="TestNg.MovetoEbay" time="4.313" errors="0" timestamp="2024-11-14T12:31:42 IST" skipped="0">
  <testcase classname="TestNg.MovetoEbay" name="move" time="4.313"/>
  <system-out/>
</testsuite> <!-- TestNg.MovetoEbay -->
