<?xml version="1.0" encoding="UTF-8"?>
<!-- Generated by org.testng.reporters.JUnitReportReporter -->
<testsuite hostname="DESKTOP-E83PQSV" failures="0" tests="1" name="TestNg.TrivagoDate" time="1.308" errors="0" timestamp="2024-11-17T19:06:01 IST" skipped="0">
  <testcase classname="TestNg.TrivagoDate" name="datePick" time="1.308"/>
  <system-out/>
</testsuite> <!-- TestNg.TrivagoDate -->
