<?xml version="1.0" encoding="UTF-8"?>
<!-- Generated by org.testng.reporters.JUnitReportReporter -->
<testsuite hostname="DESKTOP-E83PQSV" failures="0" tests="1" name="TestNg.FileAutoitPgm" time="11.154" errors="0" timestamp="2024-11-16T13:53:14 IST" skipped="0">
  <testcase classname="TestNg.FileAutoitPgm" name="fileUp" time="11.154"/>
  <system-out/>
</testsuite> <!-- TestNg.FileAutoitPgm -->
