<?xml version="1.0" encoding="UTF-8"?>
<!-- Generated by org.testng.reporters.JUnitReportReporter -->
<testsuite hostname="DESKTOP-E83PQSV" failures="0" tests="1" name="TestNg.AssertPgmTask" time="1.740" errors="0" timestamp="2024-11-18T23:19:38 IST" skipped="0">
  <testcase classname="TestNg.AssertPgmTask" name="login" time="1.740"/>
  <system-out/>
</testsuite> <!-- TestNg.AssertPgmTask -->
