<?xml version="1.0" encoding="UTF-8"?>
<!-- Generated by org.testng.reporters.JUnitReportReporter -->
<testsuite hostname="DESKTOP-E83PQSV" failures="0" tests="3" name="TestNg.CrossBrowser" time="10.652" errors="0" timestamp="2024-11-13T12:55:43 IST" skipped="0">
  <testcase classname="TestNg.CrossBrowser" name="crossBrowser" time="3.024"/>
  <system-out/>
  <testcase classname="TestNg.CrossBrowser" name="crossBrowser" time="5.094"/>
  <system-out/>
  <testcase classname="TestNg.CrossBrowser" name="crossBrowser" time="2.534"/>
  <system-out/>
</testsuite> <!-- TestNg.CrossBrowser -->
