<?xml version="1.0" encoding="UTF-8"?>
<!-- Generated by org.testng.reporters.JUnitReportReporter -->
<testsuite hostname="DESKTOP-E83PQSV" failures="0" tests="1" name="TestNg.DataDrivenDemo" time="88.879" errors="0" timestamp="2024-11-18T14:00:36 IST" skipped="0">
  <testcase classname="TestNg.DataDrivenDemo" name="login" time="88.879"/>
  <system-out/>
</testsuite> <!-- TestNg.DataDrivenDemo -->
