<?xml version="1.0" encoding="UTF-8"?>
<!-- Generated by org.testng.reporters.JUnitReportReporter -->
<testsuite hostname="DESKTOP-E83PQSV" failures="0" tests="1" name="TestNg.AssertionPgm" time="0.020" errors="0" timestamp="2024-11-18T12:26:24 IST" skipped="0">
  <testcase classname="TestNg.AssertionPgm" name="titleVerfication" time="0.020"/>
  <system-out/>
</testsuite> <!-- TestNg.AssertionPgm -->
