<?xml version="1.0" encoding="UTF-8"?>
<!-- Generated by org.testng.reporters.JUnitReportReporter -->
<testsuite hostname="DESKTOP-E83PQSV" failures="0" tests="1" name="TestNg.DragDrop" time="0.709" errors="0" timestamp="2024-11-13T12:11:27 IST" skipped="0">
  <testcase classname="TestNg.DragDrop" name="DragnDrop" time="0.709"/>
  <system-out/>
</testsuite> <!-- TestNg.DragDrop -->
