<?xml version="1.0" encoding="UTF-8"?>
<!-- Generated by org.testng.reporters.JUnitReportReporter -->
<testsuite hostname="DESKTOP-E83PQSV" failures="0" tests="4" name="TestNg.TestNGDemo" time="0.022" errors="0" timestamp="2024-11-12T12:16:57 IST" skipped="0">
  <testcase classname="TestNg.TestNGDemo" name="test3" time="0.016"/>
  <system-out/>
  <testcase classname="TestNg.TestNGDemo" name="test1" time="0.001"/>
  <system-out/>
  <testcase classname="TestNg.TestNGDemo" name="test1" time="0.003"/>
  <system-out/>
  <testcase classname="TestNg.TestNGDemo" name="test1" time="0.002"/>
  <system-out/>
</testsuite> <!-- TestNg.TestNGDemo -->
