<?xml version="1.0" encoding="UTF-8"?>
<!-- Generated by org.testng.reporters.JUnitReportReporter -->
<testsuite hostname="DESKTOP-E83PQSV" failures="0" tests="3" name="TestNg.FlipkartWindowHandle" time="22.394" errors="0" timestamp="2024-11-17T00:50:38 IST" skipped="0">
  <testcase classname="TestNg.FlipkartWindowHandle" name="LocatorsPg" time="7.312"/>
  <system-out/>
  <testcase classname="TestNg.FlipkartWindowHandle" name="titleVerfication" time="0.021"/>
  <system-out/>
  <testcase classname="TestNg.FlipkartWindowHandle" name="addphone" time="15.061"/>
  <system-out/>
</testsuite> <!-- TestNg.FlipkartWindowHandle -->
