<?xml version="1.0" encoding="UTF-8"?>
<!-- Generated by org.testng.reporters.JUnitReportReporter -->
<testsuite hostname="DESKTOP-E83PQSV" failures="0" tests="1" name="TestNg.Parameterisation" time="0.013" errors="0" timestamp="2024-11-12T12:30:28 IST" skipped="0">
  <testcase classname="TestNg.Parameterisation" name="paraMtr" time="0.013"/>
  <system-out/>
</testsuite> <!-- TestNg.Parameterisation -->
