<?xml version="1.0" encoding="UTF-8"?>
<!-- Generated by org.testng.reporters.JUnitReportReporter -->
<testsuite hostname="DESKTOP-E83PQSV" failures="0" tests="1" name="TestNg.GuruPgm" time="0.501" errors="0" timestamp="2024-11-12T13:55:08 IST" skipped="0">
  <testcase classname="TestNg.GuruPgm" name="alertHandle" time="0.501"/>
  <system-out/>
</testsuite> <!-- TestNg.GuruPgm -->
