<?xml version="1.0" encoding="UTF-8"?>
<!-- Generated by org.testng.reporters.JUnitReportReporter -->
<testsuite hostname="DESKTOP-E83PQSV" failures="0" tests="1" name="TestNg.DatePicker" time="0.550" errors="0" timestamp="2024-11-16T20:26:11 IST" skipped="0">
  <testcase classname="TestNg.DatePicker" name="datePick" time="0.550"/>
  <system-out/>
</testsuite> <!-- TestNg.DatePicker -->
