<?xml version="1.0" encoding="UTF-8"?>
<!-- Generated by org.testng.reporters.JUnitReportReporter -->
<testsuite hostname="DESKTOP-E83PQSV" failures="0" tests="1" name="TestNg.CopyPaste" time="0.621" errors="0" timestamp="2024-11-12T13:16:56 IST" skipped="0">
  <testcase classname="TestNg.CopyPaste" name="copypaste" time="0.621"/>
  <system-out/>
</testsuite> <!-- TestNg.CopyPaste -->
